{"total": {"lines":{"total":241,"covered":213,"skipped":0,"pct":88.38},"statements":{"total":246,"covered":218,"skipped":0,"pct":88.61},"functions":{"total":76,"covered":57,"skipped":0,"pct":75},"branches":{"total":78,"covered":66,"skipped":0,"pct":84.61},"branchesTrue":{"total":0,"covered":0,"skipped":0,"pct":100}}
,"/Users/elenapopa/Documents/elena/abn-streaming/src/components/home-view/HomeView.vue": {"lines":{"total":83,"covered":60,"skipped":0,"pct":72.28},"functions":{"total":25,"covered":11,"skipped":0,"pct":44},"statements":{"total":83,"covered":60,"skipped":0,"pct":72.28},"branches":{"total":20,"covered":12,"skipped":0,"pct":60}}
,"/Users/elenapopa/Documents/elena/abn-streaming/src/components/show-card/ShowCard.vue": {"lines":{"total":24,"covered":22,"skipped":0,"pct":91.66},"functions":{"total":7,"covered":5,"skipped":0,"pct":71.42},"statements":{"total":24,"covered":22,"skipped":0,"pct":91.66},"branches":{"total":6,"covered":5,"skipped":0,"pct":83.33}}
,"/Users/elenapopa/Documents/elena/abn-streaming/src/components/show-details/ShowDetails.vue": {"lines":{"total":43,"covered":41,"skipped":0,"pct":95.34},"functions":{"total":10,"covered":8,"skipped":0,"pct":80},"statements":{"total":43,"covered":41,"skipped":0,"pct":95.34},"branches":{"total":22,"covered":20,"skipped":0,"pct":90.9}}
,"/Users/elenapopa/Documents/elena/abn-streaming/src/components/watch-list/WatchList.vue": {"lines":{"total":28,"covered":27,"skipped":0,"pct":96.42},"functions":{"total":7,"covered":6,"skipped":0,"pct":85.71},"statements":{"total":28,"covered":27,"skipped":0,"pct":96.42},"branches":{"total":6,"covered":6,"skipped":0,"pct":100}}
,"/Users/elenapopa/Documents/elena/abn-streaming/src/components/watch-list-button/WatchListButton.vue": {"lines":{"total":9,"covered":9,"skipped":0,"pct":100},"functions":{"total":2,"covered":2,"skipped":0,"pct":100},"statements":{"total":9,"covered":9,"skipped":0,"pct":100},"branches":{"total":8,"covered":7,"skipped":0,"pct":87.5}}
,"/Users/elenapopa/Documents/elena/abn-streaming/src/store/tvShowStore.js": {"lines":{"total":28,"covered":28,"skipped":0,"pct":100},"functions":{"total":16,"covered":16,"skipped":0,"pct":100},"statements":{"total":33,"covered":33,"skipped":0,"pct":100},"branches":{"total":2,"covered":2,"skipped":0,"pct":100}}
,"/Users/elenapopa/Documents/elena/abn-streaming/src/utils/utils.js": {"lines":{"total":26,"covered":26,"skipped":0,"pct":100},"functions":{"total":9,"covered":9,"skipped":0,"pct":100},"statements":{"total":26,"covered":26,"skipped":0,"pct":100},"branches":{"total":14,"covered":14,"skipped":0,"pct":100}}
}
