{"/Users/elenapopa/Documents/elena/abn-streaming/src/store/tvShowStore.js": {"path":"/Users/elenapopa/Documents/elena/abn-streaming/src/store/tvShowStore.js","statementMap":{"0":{"start":{"line":4,"column":30},"end":{"line":73,"column":2}},"1":{"start":{"line":5,"column":16},"end":{"line":12,"column":3}},"2":{"start":{"line":15,"column":6},"end":{"line":21,"column":7}},"3":{"start":{"line":16,"column":25},"end":{"line":16,"column":72}},"4":{"start":{"line":17,"column":8},"end":{"line":17,"column":35}},"5":{"start":{"line":18,"column":8},"end":{"line":18,"column":37}},"6":{"start":{"line":20,"column":8},"end":{"line":20,"column":54}},"7":{"start":{"line":24,"column":6},"end":{"line":29,"column":7}},"8":{"start":{"line":25,"column":25},"end":{"line":25,"column":82}},"9":{"start":{"line":26,"column":8},"end":{"line":26,"column":42}},"10":{"start":{"line":28,"column":8},"end":{"line":28,"column":61}},"11":{"start":{"line":32,"column":6},"end":{"line":37,"column":7}},"12":{"start":{"line":33,"column":25},"end":{"line":33,"column":90}},"13":{"start":{"line":34,"column":8},"end":{"line":34,"column":64}},"14":{"start":{"line":34,"column":51},"end":{"line":34,"column":62}},"15":{"start":{"line":36,"column":8},"end":{"line":36,"column":55}},"16":{"start":{"line":40,"column":6},"end":{"line":45,"column":7}},"17":{"start":{"line":41,"column":25},"end":{"line":41,"column":91}},"18":{"start":{"line":42,"column":8},"end":{"line":42,"column":42}},"19":{"start":{"line":44,"column":8},"end":{"line":44,"column":62}},"20":{"start":{"line":48,"column":6},"end":{"line":48,"column":70}},"21":{"start":{"line":48,"column":50},"end":{"line":48,"column":68}},"22":{"start":{"line":51,"column":6},"end":{"line":51,"column":36}},"23":{"start":{"line":55,"column":6},"end":{"line":57,"column":7}},"24":{"start":{"line":55,"column":38},"end":{"line":55,"column":54}},"25":{"start":{"line":56,"column":8},"end":{"line":56,"column":34}},"26":{"start":{"line":61,"column":6},"end":{"line":61,"column":75}},"27":{"start":{"line":61,"column":55},"end":{"line":61,"column":73}},"28":{"start":{"line":66,"column":23},"end":{"line":66,"column":32}},"29":{"start":{"line":67,"column":6},"end":{"line":69,"column":9}},"30":{"start":{"line":68,"column":8},"end":{"line":68,"column":60}},"31":{"start":{"line":68,"column":39},"end":{"line":68,"column":58}},"32":{"start":{"line":70,"column":6},"end":{"line":70,"column":34}}},"fnMap":{"0":{"name":"(anonymous_0)","decl":{"start":{"line":5,"column":9},"end":{"line":5,"column":10}},"loc":{"start":{"line":5,"column":16},"end":{"line":12,"column":3}},"line":5},"1":{"name":"(anonymous_1)","decl":{"start":{"line":14,"column":4},"end":{"line":14,"column":5}},"loc":{"start":{"line":14,"column":23},"end":{"line":22,"column":5}},"line":14},"2":{"name":"(anonymous_2)","decl":{"start":{"line":23,"column":4},"end":{"line":23,"column":5}},"loc":{"start":{"line":23,"column":32},"end":{"line":30,"column":5}},"line":23},"3":{"name":"(anonymous_3)","decl":{"start":{"line":31,"column":4},"end":{"line":31,"column":5}},"loc":{"start":{"line":31,"column":29},"end":{"line":38,"column":5}},"line":31},"4":{"name":"(anonymous_4)","decl":{"start":{"line":34,"column":39},"end":{"line":34,"column":40}},"loc":{"start":{"line":34,"column":51},"end":{"line":34,"column":62}},"line":34},"5":{"name":"(anonymous_5)","decl":{"start":{"line":39,"column":4},"end":{"line":39,"column":5}},"loc":{"start":{"line":39,"column":36},"end":{"line":46,"column":5}},"line":39},"6":{"name":"(anonymous_6)","decl":{"start":{"line":47,"column":4},"end":{"line":47,"column":5}},"loc":{"start":{"line":47,"column":23},"end":{"line":49,"column":5}},"line":47},"7":{"name":"(anonymous_7)","decl":{"start":{"line":48,"column":42},"end":{"line":48,"column":43}},"loc":{"start":{"line":48,"column":50},"end":{"line":48,"column":68}},"line":48},"8":{"name":"(anonymous_8)","decl":{"start":{"line":50,"column":4},"end":{"line":50,"column":5}},"loc":{"start":{"line":50,"column":31},"end":{"line":52,"column":5}},"line":50},"9":{"name":"(anonymous_9)","decl":{"start":{"line":54,"column":4},"end":{"line":54,"column":5}},"loc":{"start":{"line":54,"column":25},"end":{"line":58,"column":5}},"line":54},"10":{"name":"(anonymous_10)","decl":{"start":{"line":55,"column":31},"end":{"line":55,"column":32}},"loc":{"start":{"line":55,"column":38},"end":{"line":55,"column":54}},"line":55},"11":{"name":"(anonymous_11)","decl":{"start":{"line":60,"column":4},"end":{"line":60,"column":5}},"loc":{"start":{"line":60,"column":32},"end":{"line":62,"column":5}},"line":60},"12":{"name":"(anonymous_12)","decl":{"start":{"line":61,"column":45},"end":{"line":61,"column":46}},"loc":{"start":{"line":61,"column":55},"end":{"line":61,"column":73}},"line":61},"13":{"name":"(anonymous_13)","decl":{"start":{"line":65,"column":4},"end":{"line":65,"column":5}},"loc":{"start":{"line":65,"column":21},"end":{"line":71,"column":5}},"line":65},"14":{"name":"(anonymous_14)","decl":{"start":{"line":67,"column":26},"end":{"line":67,"column":27}},"loc":{"start":{"line":67,"column":36},"end":{"line":69,"column":7}},"line":67},"15":{"name":"(anonymous_15)","decl":{"start":{"line":68,"column":28},"end":{"line":68,"column":29}},"loc":{"start":{"line":68,"column":39},"end":{"line":68,"column":58}},"line":68}},"branchMap":{"0":{"loc":{"start":{"line":55,"column":6},"end":{"line":57,"column":7}},"type":"if","locations":[{"start":{"line":55,"column":6},"end":{"line":57,"column":7}},{"start":{},"end":{}}],"line":55}},"s":{"0":1,"1":12,"2":2,"3":2,"4":1,"5":1,"6":1,"7":2,"8":2,"9":1,"10":1,"11":2,"12":2,"13":1,"14":2,"15":1,"16":2,"17":2,"18":1,"19":1,"20":1,"21":2,"22":1,"23":3,"24":2,"25":2,"26":1,"27":3,"28":1,"29":1,"30":2,"31":3,"32":1},"f":{"0":12,"1":2,"2":2,"3":2,"4":2,"5":2,"6":1,"7":2,"8":1,"9":3,"10":2,"11":1,"12":3,"13":1,"14":2,"15":3},"b":{"0":[2,1]},"_coverageSchema":"1a1c01bbd47fc00a2c39e90264f33305004495a9","hash":"a3c958cbe4bad3726be3c5bcda4157b8ef4dfb04"}
,"/Users/elenapopa/Documents/elena/abn-streaming/src/utils/utils.js": {"path":"/Users/elenapopa/Documents/elena/abn-streaming/src/utils/utils.js","statementMap":{"0":{"start":{"line":1,"column":28},"end":{"line":5,"column":3}},"1":{"start":{"line":2,"column":20},"end":{"line":2,"column":41}},"2":{"start":{"line":3,"column":20},"end":{"line":3,"column":41}},"3":{"start":{"line":4,"column":4},"end":{"line":4,"column":29}},"4":{"start":{"line":7,"column":27},"end":{"line":13,"column":1}},"5":{"start":{"line":8,"column":2},"end":{"line":12,"column":5}},"6":{"start":{"line":9,"column":22},"end":{"line":9,"column":91}},"7":{"start":{"line":10,"column":23},"end":{"line":10,"column":66}},"8":{"start":{"line":11,"column":4},"end":{"line":11,"column":35}},"9":{"start":{"line":15,"column":31},"end":{"line":17,"column":1}},"10":{"start":{"line":16,"column":2},"end":{"line":16,"column":60}},"11":{"start":{"line":19,"column":34},"end":{"line":31,"column":1}},"12":{"start":{"line":20,"column":28},"end":{"line":20,"column":63}},"13":{"start":{"line":21,"column":23},"end":{"line":21,"column":57}},"14":{"start":{"line":22,"column":23},"end":{"line":24,"column":11}},"15":{"start":{"line":23,"column":21},"end":{"line":23,"column":42}},"16":{"start":{"line":26,"column":2},"end":{"line":28,"column":5}},"17":{"start":{"line":27,"column":4},"end":{"line":27,"column":40}},"18":{"start":{"line":30,"column":2},"end":{"line":30,"column":22}},"19":{"start":{"line":33,"column":32},"end":{"line":43,"column":1}},"20":{"start":{"line":34,"column":20},"end":{"line":34,"column":29}},"21":{"start":{"line":35,"column":2},"end":{"line":42,"column":5}},"22":{"start":{"line":36,"column":4},"end":{"line":41,"column":5}},"23":{"start":{"line":37,"column":6},"end":{"line":37,"column":19}},"24":{"start":{"line":39,"column":6},"end":{"line":39,"column":29}},"25":{"start":{"line":40,"column":6},"end":{"line":40,"column":18}}},"fnMap":{"0":{"name":"(anonymous_0)","decl":{"start":{"line":1,"column":28},"end":{"line":1,"column":29}},"loc":{"start":{"line":1,"column":38},"end":{"line":5,"column":3}},"line":1},"1":{"name":"(anonymous_1)","decl":{"start":{"line":7,"column":27},"end":{"line":7,"column":28}},"loc":{"start":{"line":7,"column":52},"end":{"line":13,"column":1}},"line":7},"2":{"name":"(anonymous_2)","decl":{"start":{"line":8,"column":22},"end":{"line":8,"column":23}},"loc":{"start":{"line":8,"column":32},"end":{"line":12,"column":3}},"line":8},"3":{"name":"(anonymous_3)","decl":{"start":{"line":15,"column":31},"end":{"line":15,"column":32}},"loc":{"start":{"line":15,"column":50},"end":{"line":17,"column":1}},"line":15},"4":{"name":"(anonymous_4)","decl":{"start":{"line":19,"column":34},"end":{"line":19,"column":35}},"loc":{"start":{"line":19,"column":64},"end":{"line":31,"column":1}},"line":19},"5":{"name":"(anonymous_5)","decl":{"start":{"line":23,"column":12},"end":{"line":23,"column":13}},"loc":{"start":{"line":23,"column":21},"end":{"line":23,"column":42}},"line":23},"6":{"name":"(anonymous_6)","decl":{"start":{"line":26,"column":23},"end":{"line":26,"column":24}},"loc":{"start":{"line":26,"column":34},"end":{"line":28,"column":3}},"line":26},"7":{"name":"(anonymous_7)","decl":{"start":{"line":33,"column":32},"end":{"line":33,"column":33}},"loc":{"start":{"line":33,"column":54},"end":{"line":43,"column":1}},"line":33},"8":{"name":"(anonymous_8)","decl":{"start":{"line":35,"column":33},"end":{"line":35,"column":34}},"loc":{"start":{"line":35,"column":43},"end":{"line":42,"column":3}},"line":35}},"branchMap":{"0":{"loc":{"start":{"line":2,"column":20},"end":{"line":2,"column":41}},"type":"binary-expr","locations":[{"start":{"line":2,"column":20},"end":{"line":2,"column":36}},{"start":{"line":2,"column":40},"end":{"line":2,"column":41}}],"line":2},"1":{"loc":{"start":{"line":3,"column":20},"end":{"line":3,"column":41}},"type":"binary-expr","locations":[{"start":{"line":3,"column":20},"end":{"line":3,"column":36}},{"start":{"line":3,"column":40},"end":{"line":3,"column":41}}],"line":3},"2":{"loc":{"start":{"line":9,"column":22},"end":{"line":9,"column":91}},"type":"binary-expr","locations":[{"start":{"line":9,"column":22},"end":{"line":9,"column":34}},{"start":{"line":9,"column":38},"end":{"line":9,"column":91}}],"line":9},"3":{"loc":{"start":{"line":10,"column":23},"end":{"line":10,"column":66}},"type":"binary-expr","locations":[{"start":{"line":10,"column":23},"end":{"line":10,"column":35}},{"start":{"line":10,"column":39},"end":{"line":10,"column":66}}],"line":10},"4":{"loc":{"start":{"line":11,"column":11},"end":{"line":11,"column":34}},"type":"binary-expr","locations":[{"start":{"line":11,"column":11},"end":{"line":11,"column":20}},{"start":{"line":11,"column":24},"end":{"line":11,"column":34}}],"line":11},"5":{"loc":{"start":{"line":16,"column":9},"end":{"line":16,"column":59}},"type":"cond-expr","locations":[{"start":{"line":16,"column":36},"end":{"line":16,"column":52}},{"start":{"line":16,"column":55},"end":{"line":16,"column":59}}],"line":16},"6":{"loc":{"start":{"line":36,"column":4},"end":{"line":41,"column":5}},"type":"if","locations":[{"start":{"line":36,"column":4},"end":{"line":41,"column":5}},{"start":{"line":38,"column":11},"end":{"line":41,"column":5}}],"line":36}},"s":{"0":1,"1":20,"2":20,"3":20,"4":1,"5":4,"6":16,"7":16,"8":16,"9":1,"10":2,"11":1,"12":2,"13":2,"14":2,"15":4,"16":2,"17":3,"18":2,"19":1,"20":3,"21":3,"22":5,"23":1,"24":4,"25":4},"f":{"0":20,"1":4,"2":16,"3":2,"4":2,"5":4,"6":3,"7":3,"8":5},"b":{"0":[20,2],"1":[20,6],"2":[16,8],"3":[16,16],"4":[16,9],"5":[1,1],"6":[1,4]},"_coverageSchema":"1a1c01bbd47fc00a2c39e90264f33305004495a9","hash":"e45cd3267d97eb68de2bc9f1a274329fb6b3a5ee"}
}
