{"total": {"lines":{"total":174,"covered":148,"skipped":0,"pct":85.05},"statements":{"total":179,"covered":153,"skipped":0,"pct":85.47},"functions":{"total":59,"covered":42,"skipped":0,"pct":71.18},"branches":{"total":50,"covered":39,"skipped":0,"pct":78},"branchesTrue":{"total":0,"covered":0,"skipped":0,"pct":100}}
,"/Users/elenapopa/Documents/elena/abn-streaming/src/components/home-view/HomeView.vue": {"lines":{"total":83,"covered":60,"skipped":0,"pct":72.28},"functions":{"total":25,"covered":11,"skipped":0,"pct":44},"statements":{"total":83,"covered":60,"skipped":0,"pct":72.28},"branches":{"total":20,"covered":12,"skipped":0,"pct":60}}
,"/Users/elenapopa/Documents/elena/abn-streaming/src/components/watch-list/WatchList.vue": {"lines":{"total":28,"covered":25,"skipped":0,"pct":89.28},"functions":{"total":7,"covered":4,"skipped":0,"pct":57.14},"statements":{"total":28,"covered":25,"skipped":0,"pct":89.28},"branches":{"total":6,"covered":4,"skipped":0,"pct":66.66}}
,"/Users/elenapopa/Documents/elena/abn-streaming/src/components/watch-list-button/WatchListButton.vue": {"lines":{"total":9,"covered":9,"skipped":0,"pct":100},"functions":{"total":2,"covered":2,"skipped":0,"pct":100},"statements":{"total":9,"covered":9,"skipped":0,"pct":100},"branches":{"total":8,"covered":7,"skipped":0,"pct":87.5}}
,"/Users/elenapopa/Documents/elena/abn-streaming/src/store/tvShowStore.js": {"lines":{"total":28,"covered":28,"skipped":0,"pct":100},"functions":{"total":16,"covered":16,"skipped":0,"pct":100},"statements":{"total":33,"covered":33,"skipped":0,"pct":100},"branches":{"total":2,"covered":2,"skipped":0,"pct":100}}
,"/Users/elenapopa/Documents/elena/abn-streaming/src/utils/utils.js": {"lines":{"total":26,"covered":26,"skipped":0,"pct":100},"functions":{"total":9,"covered":9,"skipped":0,"pct":100},"statements":{"total":26,"covered":26,"skipped":0,"pct":100},"branches":{"total":14,"covered":14,"skipped":0,"pct":100}}
}
