TN:
SF:src/store/tvShowStore.js
FN:5,(anonymous_0)
FN:13,(anonymous_1)
FN:22,(anonymous_2)
FN:30,(anonymous_3)
FN:33,(anonymous_4)
FN:38,(anonymous_5)
FN:39,(anonymous_6)
FN:41,(anonymous_7)
FN:45,(anonymous_8)
FN:46,(anonymous_9)
FN:51,(anonymous_10)
FN:52,(anonymous_11)
FN:56,(anonymous_12)
FN:58,(anonymous_13)
FN:59,(anonymous_14)
FNF:15
FNH:15
FNDA:10,(anonymous_0)
FNDA:2,(anonymous_1)
FNDA:2,(anonymous_2)
FNDA:2,(anonymous_3)
FNDA:2,(anonymous_4)
FNDA:1,(anonymous_5)
FNDA:2,(anonymous_6)
FNDA:1,(anonymous_7)
FNDA:3,(anonymous_8)
FNDA:2,(anonymous_9)
FNDA:1,(anonymous_10)
FNDA:3,(anonymous_11)
FNDA:1,(anonymous_12)
FNDA:2,(anonymous_13)
FNDA:3,(anonymous_14)
DA:4,1
DA:5,10
DA:14,2
DA:15,2
DA:16,1
DA:17,1
DA:19,1
DA:23,2
DA:24,2
DA:25,1
DA:27,1
DA:31,2
DA:32,2
DA:33,2
DA:35,1
DA:39,2
DA:42,1
DA:46,3
DA:47,2
DA:52,3
DA:57,1
DA:58,1
DA:59,3
DA:61,1
LF:24
LH:24
BRDA:46,0,0,2
BRDA:46,0,1,1
BRF:2
BRH:2
end_of_record
TN:
SF:src/utils/utils.js
FN:1,(anonymous_0)
FN:7,(anonymous_1)
FN:8,(anonymous_2)
FN:15,(anonymous_3)
FN:19,(anonymous_4)
FN:23,(anonymous_5)
FN:26,(anonymous_6)
FN:33,(anonymous_7)
FN:35,(anonymous_8)
FNF:9
FNH:9
FNDA:20,(anonymous_0)
FNDA:4,(anonymous_1)
FNDA:16,(anonymous_2)
FNDA:2,(anonymous_3)
FNDA:2,(anonymous_4)
FNDA:4,(anonymous_5)
FNDA:3,(anonymous_6)
FNDA:3,(anonymous_7)
FNDA:5,(anonymous_8)
DA:1,1
DA:2,20
DA:3,20
DA:4,20
DA:7,1
DA:8,4
DA:9,16
DA:10,16
DA:11,16
DA:15,1
DA:16,2
DA:19,1
DA:20,2
DA:21,2
DA:22,2
DA:23,4
DA:26,2
DA:27,3
DA:30,2
DA:33,1
DA:34,3
DA:35,3
DA:36,5
DA:37,1
DA:39,4
DA:40,4
LF:26
LH:26
BRDA:2,0,0,20
BRDA:2,0,1,2
BRDA:3,1,0,20
BRDA:3,1,1,6
BRDA:9,2,0,16
BRDA:9,2,1,8
BRDA:10,3,0,16
BRDA:10,3,1,16
BRDA:11,4,0,16
BRDA:11,4,1,9
BRDA:16,5,0,1
BRDA:16,5,1,1
BRDA:36,6,0,1
BRDA:36,6,1,4
BRF:14
BRH:14
end_of_record
