TN:
SF:src/store/tvShowStore.js
FN:5,(anonymous_0)
FN:14,(anonymous_1)
FN:23,(anonymous_2)
FN:31,(anonymous_3)
FN:34,(anonymous_4)
FN:39,(anonymous_5)
FN:47,(anonymous_6)
FN:48,(anonymous_7)
FN:50,(anonymous_8)
FN:54,(anonymous_9)
FN:55,(anonymous_10)
FN:60,(anonymous_11)
FN:61,(anonymous_12)
FN:65,(anonymous_13)
FN:67,(anonymous_14)
FN:68,(anonymous_15)
FNF:16
FNH:16
FNDA:12,(anonymous_0)
FNDA:2,(anonymous_1)
FNDA:2,(anonymous_2)
FNDA:2,(anonymous_3)
FNDA:2,(anonymous_4)
FNDA:2,(anonymous_5)
FNDA:1,(anonymous_6)
FNDA:2,(anonymous_7)
FNDA:1,(anonymous_8)
FNDA:3,(anonymous_9)
FNDA:2,(anonymous_10)
FNDA:1,(anonymous_11)
FNDA:3,(anonymous_12)
FNDA:1,(anonymous_13)
FNDA:2,(anonymous_14)
FNDA:3,(anonymous_15)
DA:4,1
DA:5,12
DA:15,2
DA:16,2
DA:17,1
DA:18,1
DA:20,1
DA:24,2
DA:25,2
DA:26,1
DA:28,1
DA:32,2
DA:33,2
DA:34,2
DA:36,1
DA:40,2
DA:41,2
DA:42,1
DA:44,1
DA:48,2
DA:51,1
DA:55,3
DA:56,2
DA:61,3
DA:66,1
DA:67,1
DA:68,3
DA:70,1
LF:28
LH:28
BRDA:55,0,0,2
BRDA:55,0,1,1
BRF:2
BRH:2
end_of_record
TN:
SF:src/utils/utils.js
FN:1,(anonymous_0)
FN:7,(anonymous_1)
FN:8,(anonymous_2)
FN:15,(anonymous_3)
FN:19,(anonymous_4)
FN:23,(anonymous_5)
FN:26,(anonymous_6)
FN:33,(anonymous_7)
FN:35,(anonymous_8)
FNF:9
FNH:9
FNDA:20,(anonymous_0)
FNDA:4,(anonymous_1)
FNDA:16,(anonymous_2)
FNDA:2,(anonymous_3)
FNDA:2,(anonymous_4)
FNDA:4,(anonymous_5)
FNDA:3,(anonymous_6)
FNDA:3,(anonymous_7)
FNDA:5,(anonymous_8)
DA:1,1
DA:2,20
DA:3,20
DA:4,20
DA:7,1
DA:8,4
DA:9,16
DA:10,16
DA:11,16
DA:15,1
DA:16,2
DA:19,1
DA:20,2
DA:21,2
DA:22,2
DA:23,4
DA:26,2
DA:27,3
DA:30,2
DA:33,1
DA:34,3
DA:35,3
DA:36,5
DA:37,1
DA:39,4
DA:40,4
LF:26
LH:26
BRDA:2,0,0,20
BRDA:2,0,1,2
BRDA:3,1,0,20
BRDA:3,1,1,6
BRDA:9,2,0,16
BRDA:9,2,1,8
BRDA:10,3,0,16
BRDA:10,3,1,16
BRDA:11,4,0,16
BRDA:11,4,1,9
BRDA:16,5,0,1
BRDA:16,5,1,1
BRDA:36,6,0,1
BRDA:36,6,1,4
BRF:14
BRH:14
end_of_record
